# JRE version: OpenJDK Runtime Environment (8.0_202) (build 1.8.0_202-release-1483-b49-5587405)
# Java VM: OpenJDK 64-Bit Server VM (25.202-b49-5587405 mixed mode bsd-amd64 compressed oops)
Heap:
 PSYoungGen      total 117760K, used 26664K [0x00000007e5d80000, 0x00000007f0280000, 0x00000007f0800000)
  eden space 67584K, 7% used [0x00000007e5d80000,0x00000007e6291918,0x00000007e9f80000)
  from space 50176K, 42% used [0x00000007e9f80000,0x00000007eb4788d0,0x00000007ed080000)
  to   space 48128K, 0% used [0x00000007ed380000,0x00000007ed380000,0x00000007f0280000)
 ParOldGen       total 349696K, used 193819K [0x00000007d0800000, 0x00000007e5d80000, 0x00000007e5d80000)
  object space 349696K, 55% used [0x00000007d0800000,0x00000007dc546c10,0x00000007e5d80000)
 Metaspace       used 100914K, capacity 107382K, committed 108376K, reserved 1144832K
  class space    used 12389K, capacity 13475K, committed 13696K, reserved 1048576K
GC Heap History (10 events):
Event: 2176.121 GC heap before
{Heap before GC invocations=335 (full 20):
 PSYoungGen      total 114688K, used 58880K [0x00000007e5d80000, 0x00000007f0600000, 0x00000007f0800000)
  eden space 58880K, 100% used [0x00000007e5d80000,0x00000007e9700000,0x00000007e9700000)
  from space 55808K, 0% used [0x00000007ecf80000,0x00000007ecf80000,0x00000007f0600000)
  to   space 56832K, 0% used [0x00000007e9700000,0x00000007e9700000,0x00000007ece80000)
 ParOldGen       total 349696K, used 178628K [0x00000007d0800000, 0x00000007e5d80000, 0x00000007e5d80000)
  object space 349696K, 51% used [0x00000007d0800000,0x00000007db671150,0x00000007e5d80000)
 Metaspace       used 100912K, capacity 107382K, committed 108376K, reserved 1144832K
  class space    used 12389K, capacity 13475K, committed 13696K, reserved 1048576K
Event: 2176.145 GC heap after
Heap after GC invocations=335 (full 20):
 PSYoungGen      total 74240K, used 15265K [0x00000007e5d80000, 0x00000007f0200000, 0x00000007f0800000)
  eden space 58880K, 0% used [0x00000007e5d80000,0x00000007e5d80000,0x00000007e9700000)
  from space 15360K, 99% used [0x00000007e9700000,0x00000007ea5e8528,0x00000007ea600000)
  to   space 53248K, 0% used [0x00000007ece00000,0x00000007ece00000,0x00000007f0200000)
 ParOldGen       total 349696K, used 178628K [0x00000007d0800000, 0x00000007e5d80000, 0x00000007e5d80000)
  object space 349696K, 51% used [0x00000007d0800000,0x00000007db671150,0x00000007e5d80000)
 Metaspace       used 100912K, capacity 107382K, committed 108376K, reserved 1144832K
  class space    used 12389K, capacity 13475K, committed 13696K, reserved 1048576K
}
Event: 2176.599 GC heap before
{Heap before GC invocations=336 (full 20):
 PSYoungGen      total 74240K, used 74145K [0x00000007e5d80000, 0x00000007f0200000, 0x00000007f0800000)
  eden space 58880K, 100% used [0x00000007e5d80000,0x00000007e9700000,0x00000007e9700000)
  from space 15360K, 99% used [0x00000007e9700000,0x00000007ea5e8528,0x00000007ea600000)
  to   space 53248K, 0% used [0x00000007ece00000,0x00000007ece00000,0x00000007f0200000)
 ParOldGen       total 349696K, used 178628K [0x00000007d0800000, 0x00000007e5d80000, 0x00000007e5d80000)
  object space 349696K, 51% used [0x00000007d0800000,0x00000007db671150,0x00000007e5d80000)
 Metaspace       used 100912K, capacity 107382K, committed 108376K, reserved 1144832K
  class space    used 12389K, capacity 13475K, committed 13696K, reserved 1048576K
Event: 2176.610 GC heap after
Heap after GC invocations=336 (full 20):
 PSYoungGen      total 114176K, used 12096K [0x00000007e5d80000, 0x00000007eff00000, 0x00000007f0800000)
  eden space 64000K, 0% used [0x00000007e5d80000,0x00000007e5d80000,0x00000007e9c00000)
  from space 50176K, 24% used [0x00000007ece00000,0x00000007ed9d03f0,0x00000007eff00000)
  to   space 50688K, 0% used [0x00000007e9c00000,0x00000007e9c00000,0x00000007ecd80000)
 ParOldGen       total 349696K, used 193819K [0x00000007d0800000, 0x00000007e5d80000, 0x00000007e5d80000)
  object space 349696K, 55% used [0x00000007d0800000,0x00000007dc546c10,0x00000007e5d80000)
 Metaspace       used 100912K, capacity 107382K, committed 108376K, reserved 1144832K
  class space    used 12389K, capacity 13475K, committed 13696K, reserved 1048576K
}
Event: 2176.753 GC heap before
{Heap before GC invocations=337 (full 20):
 PSYoungGen      total 114176K, used 76096K [0x00000007e5d80000, 0x00000007eff00000, 0x00000007f0800000)
  eden space 64000K, 100% used [0x00000007e5d80000,0x00000007e9c00000,0x00000007e9c00000)
  from space 50176K, 24% used [0x00000007ece00000,0x00000007ed9d03f0,0x00000007eff00000)
  to   space 50688K, 0% used [0x00000007e9c00000,0x00000007e9c00000,0x00000007ecd80000)
 ParOldGen       total 349696K, used 193819K [0x00000007d0800000, 0x00000007e5d80000, 0x00000007e5d80000)
  object space 349696K, 55% used [0x00000007d0800000,0x00000007dc546c10,0x00000007e5d80000)
 Metaspace       used 100912K, capacity 107382K, committed 108376K, reserved 1144832K
  class space    used 12389K, capacity 13475K, committed 13696K, reserved 1048576K
Event: 2176.762 GC heap after
Heap after GC invocations=337 (full 20):
 PSYoungGen      total 114688K, used 20047K [0x00000007e5d80000, 0x00000007f0000000, 0x00000007f0800000)
  eden space 64000K, 0% used [0x00000007e5d80000,0x00000007e5d80000,0x00000007e9c00000)
  from space 50688K, 39% used [0x00000007e9c00000,0x00000007eaf93de0,0x00000007ecd80000)
  to   space 48640K, 0% used [0x00000007ed080000,0x00000007ed080000,0x00000007f0000000)
 ParOldGen       total 349696K, used 193819K [0x00000007d0800000, 0x00000007e5d80000, 0x00000007e5d80000)
  object space 349696K, 55% used [0x00000007d0800000,0x00000007dc546c10,0x00000007e5d80000)
 Metaspace       used 100912K, capacity 107382K, committed 108376K, reserved 1144832K
  class space    used 12389K, capacity 13475K, committed 13696K, reserved 1048576K
}
Event: 2176.870 GC heap before
{Heap before GC invocations=338 (full 20):
 PSYoungGen      total 114688K, used 84047K [0x00000007e5d80000, 0x00000007f0000000, 0x00000007f0800000)
  eden space 64000K, 100% used [0x00000007e5d80000,0x00000007e9c00000,0x00000007e9c00000)
  from space 50688K, 39% used [0x00000007e9c00000,0x00000007eaf93de0,0x00000007ecd80000)
  to   space 48640K, 0% used [0x00000007ed080000,0x00000007ed080000,0x00000007f0000000)
 ParOldGen       total 349696K, used 193819K [0x00000007d0800000, 0x00000007e5d80000, 0x00000007e5d80000)
  object space 349696K, 55% used [0x00000007d0800000,0x00000007dc546c10,0x00000007e5d80000)
 Metaspace       used 100913K, capacity 107382K, committed 108376K, reserved 1144832K
  class space    used 12389K, capacity 13475K, committed 13696K, reserved 1048576K
Event: 2176.888 GC heap after
Heap after GC invocations=338 (full 20):
 PSYoungGen      total 116224K, used 29615K [0x00000007e5d80000, 0x00000007f0380000, 0x00000007f0800000)
  eden space 67584K, 0% used [0x00000007e5d80000,0x00000007e5d80000,0x00000007e9f80000)
  from space 48640K, 60% used [0x00000007ed080000,0x00000007eed6bde0,0x00000007f0000000)
  to   space 50176K, 0% used [0x00000007e9f80000,0x00000007e9f80000,0x00000007ed080000)
 ParOldGen       total 349696K, used 193819K [0x00000007d0800000, 0x00000007e5d80000, 0x00000007e5d80000)
  object space 349696K, 55% used [0x00000007d0800000,0x00000007dc546c10,0x00000007e5d80000)
 Metaspace       used 100913K, capacity 107382K, committed 108376K, reserved 1144832K
  class space    used 12389K, capacity 13475K, committed 13696K, reserved 1048576K
}
Event: 2177.199 GC heap before
{Heap before GC invocations=339 (full 20):
 PSYoungGen      total 116224K, used 97199K [0x00000007e5d80000, 0x00000007f0380000, 0x00000007f0800000)
  eden space 67584K, 100% used [0x00000007e5d80000,0x00000007e9f80000,0x00000007e9f80000)
  from space 48640K, 60% used [0x00000007ed080000,0x00000007eed6bde0,0x00000007f0000000)
  to   space 50176K, 0% used [0x00000007e9f80000,0x00000007e9f80000,0x00000007ed080000)
 ParOldGen       total 349696K, used 193819K [0x00000007d0800000, 0x00000007e5d80000, 0x00000007e5d80000)
  object space 349696K, 55% used [0x00000007d0800000,0x00000007dc546c10,0x00000007e5d80000)
 Metaspace       used 100913K, capacity 107382K, committed 108376K, reserved 1144832K
  class space    used 12389K, capacity 13475K, committed 13696K, reserved 1048576K
Event: 2177.209 GC heap after
Heap after GC invocations=339 (full 20):
 PSYoungGen      total 117760K, used 21474K [0x00000007e5d80000, 0x00000007f0280000, 0x00000007f0800000)
  eden space 67584K, 0% used [0x00000007e5d80000,0x00000007e5d80000,0x00000007e9f80000)
  from space 50176K, 42% used [0x00000007e9f80000,0x00000007eb4788d0,0x00000007ed080000)
  to   space 48128K, 0% used [0x00000007ed380000,0x00000007ed380000,0x00000007f0280000)
 ParOldGen       total 349696K, used 193819K [0x00000007d0800000, 0x00000007e5d80000, 0x00000007e5d80000)
  object space 349696K, 55% used [0x00000007d0800000,0x00000007dc546c10,0x00000007e5d80000)
 Metaspace       used 100913K, capacity 107382K, committed 108376K, reserved 1144832K
  class space    used 12389K, capacity 13475K, committed 13696K, reserved 1048576K
}

