# JRE version: OpenJDK Runtime Environment (8.0_202) (build 1.8.0_202-release-1483-b49-5587405)
# Java VM: OpenJDK 64-Bit Server VM (25.202-b49-5587405 mixed mode bsd-amd64 compressed oops)
Heap:
 PSYoungGen      total 136192K, used 135945K [0x00000007e5d80000, 0x00000007f0800000, 0x00000007f0800000)
  eden space 97792K, 99% used [0x00000007e5d80000,0x00000007ebcc2bd8,0x00000007ebd00000)
  from space 38400K, 99% used [0x00000007ebd00000,0x00000007ee27fac8,0x00000007ee280000)
  to   space 38400K, 0% used [0x00000007ee280000,0x00000007ee280000,0x00000007f0800000)
 ParOldGen       total 141824K, used 109531K [0x00000007d0800000, 0x00000007d9280000, 0x00000007e5d80000)
  object space 141824K, 77% used [0x00000007d0800000,0x00000007d72f6fe0,0x00000007d9280000)
 Metaspace       used 66600K, capacity 68574K, committed 68696K, reserved 1107968K
  class space    used 9027K, capacity 9555K, committed 9600K, reserved 1048576K
GC Heap History (10 events):
Event: 10.918 GC heap before
{Heap before GC invocations=12 (full 2):
 PSYoungGen      total 157696K, used 126625K [0x00000007e5d80000, 0x00000007f0800000, 0x00000007f0800000)
  eden space 145408K, 78% used [0x00000007e5d80000,0x00000007ecd2eaf8,0x00000007eeb80000)
  from space 12288K, 99% used [0x00000007eeb80000,0x00000007ef779a50,0x00000007ef780000)
  to   space 15872K, 0% used [0x00000007ef880000,0x00000007ef880000,0x00000007f0800000)
 ParOldGen       total 93184K, used 20152K [0x00000007d0800000, 0x00000007d6300000, 0x00000007e5d80000)
  object space 93184K, 21% used [0x00000007d0800000,0x00000007d1bae2b8,0x00000007d6300000)
 Metaspace       used 57525K, capacity 58974K, committed 59028K, reserved 1099776K
  class space    used 7783K, capacity 8179K, committed 8192K, reserved 1048576K
Event: 10.947 GC heap after
Heap after GC invocations=12 (full 2):
 PSYoungGen      total 150528K, used 15840K [0x00000007e5d80000, 0x00000007f0800000, 0x00000007f0800000)
  eden space 134656K, 0% used [0x00000007e5d80000,0x00000007e5d80000,0x00000007ee100000)
  from space 15872K, 99% used [0x00000007ef880000,0x00000007f07f8310,0x00000007f0800000)
  to   space 19968K, 0% used [0x00000007ee100000,0x00000007ee100000,0x00000007ef480000)
 ParOldGen       total 93184K, used 25813K [0x00000007d0800000, 0x00000007d6300000, 0x00000007e5d80000)
  object space 93184K, 27% used [0x00000007d0800000,0x00000007d2135668,0x00000007d6300000)
 Metaspace       used 57525K, capacity 58974K, committed 59028K, reserved 1099776K
  class space    used 7783K, capacity 8179K, committed 8192K, reserved 1048576K
}
Event: 10.947 GC heap before
{Heap before GC invocations=13 (full 3):
 PSYoungGen      total 150528K, used 15840K [0x00000007e5d80000, 0x00000007f0800000, 0x00000007f0800000)
  eden space 134656K, 0% used [0x00000007e5d80000,0x00000007e5d80000,0x00000007ee100000)
  from space 15872K, 99% used [0x00000007ef880000,0x00000007f07f8310,0x00000007f0800000)
  to   space 19968K, 0% used [0x00000007ee100000,0x00000007ee100000,0x00000007ef480000)
 ParOldGen       total 93184K, used 25813K [0x00000007d0800000, 0x00000007d6300000, 0x00000007e5d80000)
  object space 93184K, 27% used [0x00000007d0800000,0x00000007d2135668,0x00000007d6300000)
 Metaspace       used 57525K, capacity 58974K, committed 59028K, reserved 1099776K
  class space    used 7783K, capacity 8179K, committed 8192K, reserved 1048576K
Event: 11.178 GC heap after
Heap after GC invocations=13 (full 3):
 PSYoungGen      total 150528K, used 0K [0x00000007e5d80000, 0x00000007f0800000, 0x00000007f0800000)
  eden space 134656K, 0% used [0x00000007e5d80000,0x00000007e5d80000,0x00000007ee100000)
  from space 15872K, 0% used [0x00000007ef880000,0x00000007ef880000,0x00000007f0800000)
  to   space 19968K, 0% used [0x00000007ee100000,0x00000007ee100000,0x00000007ef480000)
 ParOldGen       total 141824K, used 34578K [0x00000007d0800000, 0x00000007d9280000, 0x00000007e5d80000)
  object space 141824K, 24% used [0x00000007d0800000,0x00000007d29c4bb8,0x00000007d9280000)
 Metaspace       used 57525K, capacity 58974K, committed 59028K, reserved 1099776K
  class space    used 7783K, capacity 8179K, committed 8192K, reserved 1048576K
}
Event: 14.365 GC heap before
{Heap before GC invocations=14 (full 3):
 PSYoungGen      total 150528K, used 134656K [0x00000007e5d80000, 0x00000007f0800000, 0x00000007f0800000)
  eden space 134656K, 100% used [0x00000007e5d80000,0x00000007ee100000,0x00000007ee100000)
  from space 15872K, 0% used [0x00000007ef880000,0x00000007ef880000,0x00000007f0800000)
  to   space 19968K, 0% used [0x00000007ee100000,0x00000007ee100000,0x00000007ef480000)
 ParOldGen       total 141824K, used 34578K [0x00000007d0800000, 0x00000007d9280000, 0x00000007e5d80000)
  object space 141824K, 24% used [0x00000007d0800000,0x00000007d29c4bb8,0x00000007d9280000)
 Metaspace       used 61444K, capacity 63160K, committed 63320K, reserved 1103872K
  class space    used 8320K, capacity 8776K, committed 8832K, reserved 1048576K
Event: 14.384 GC heap after
Heap after GC invocations=14 (full 3):
 PSYoungGen      total 154624K, used 12224K [0x00000007e5d80000, 0x00000007f0800000, 0x00000007f0800000)
  eden space 134656K, 0% used [0x00000007e5d80000,0x00000007e5d80000,0x00000007ee100000)
  from space 19968K, 61% used [0x00000007ee100000,0x00000007eecf0208,0x00000007ef480000)
  to   space 19968K, 0% used [0x00000007ef480000,0x00000007ef480000,0x00000007f0800000)
 ParOldGen       total 141824K, used 34586K [0x00000007d0800000, 0x00000007d9280000, 0x00000007e5d80000)
  object space 141824K, 24% used [0x00000007d0800000,0x00000007d29c6bb8,0x00000007d9280000)
 Metaspace       used 61444K, capacity 63160K, committed 63320K, reserved 1103872K
  class space    used 8320K, capacity 8776K, committed 8832K, reserved 1048576K
}
Event: 15.315 GC heap before
{Heap before GC invocations=15 (full 3):
 PSYoungGen      total 154624K, used 146880K [0x00000007e5d80000, 0x00000007f0800000, 0x00000007f0800000)
  eden space 134656K, 100% used [0x00000007e5d80000,0x00000007ee100000,0x00000007ee100000)
  from space 19968K, 61% used [0x00000007ee100000,0x00000007eecf0208,0x00000007ef480000)
  to   space 19968K, 0% used [0x00000007ef480000,0x00000007ef480000,0x00000007f0800000)
 ParOldGen       total 141824K, used 34586K [0x00000007d0800000, 0x00000007d9280000, 0x00000007e5d80000)
  object space 141824K, 24% used [0x00000007d0800000,0x00000007d29c6bb8,0x00000007d9280000)
 Metaspace       used 63525K, capacity 65310K, committed 65624K, reserved 1105920K
  class space    used 8582K, capacity 9063K, committed 9088K, reserved 1048576K
Event: 15.372 GC heap after
Heap after GC invocations=15 (full 3):
 PSYoungGen      total 117760K, used 19956K [0x00000007e5d80000, 0x00000007f0800000, 0x00000007f0800000)
  eden space 97792K, 0% used [0x00000007e5d80000,0x00000007e5d80000,0x00000007ebd00000)
  from space 19968K, 99% used [0x00000007ef480000,0x00000007f07fd118,0x00000007f0800000)
  to   space 38400K, 0% used [0x00000007ebd00000,0x00000007ebd00000,0x00000007ee280000)
 ParOldGen       total 141824K, used 78260K [0x00000007d0800000, 0x00000007d9280000, 0x00000007e5d80000)
  object space 141824K, 55% used [0x00000007d0800000,0x00000007d546d220,0x00000007d9280000)
 Metaspace       used 63525K, capacity 65310K, committed 65624K, reserved 1105920K
  class space    used 8582K, capacity 9063K, committed 9088K, reserved 1048576K
}
Event: 16.103 GC heap before
{Heap before GC invocations=16 (full 3):
 PSYoungGen      total 117760K, used 117748K [0x00000007e5d80000, 0x00000007f0800000, 0x00000007f0800000)
  eden space 97792K, 100% used [0x00000007e5d80000,0x00000007ebd00000,0x00000007ebd00000)
  from space 19968K, 99% used [0x00000007ef480000,0x00000007f07fd118,0x00000007f0800000)
  to   space 38400K, 0% used [0x00000007ebd00000,0x00000007ebd00000,0x00000007ee280000)
 ParOldGen       total 141824K, used 78260K [0x00000007d0800000, 0x00000007d9280000, 0x00000007e5d80000)
  object space 141824K, 55% used [0x00000007d0800000,0x00000007d546d220,0x00000007d9280000)
 Metaspace       used 65322K, capacity 67252K, committed 67544K, reserved 1107968K
  class space    used 8876K, capacity 9382K, committed 9472K, reserved 1048576K
Event: 16.224 GC heap after
Heap after GC invocations=16 (full 3):
 PSYoungGen      total 136192K, used 38398K [0x00000007e5d80000, 0x00000007f0800000, 0x00000007f0800000)
  eden space 97792K, 0% used [0x00000007e5d80000,0x00000007e5d80000,0x00000007ebd00000)
  from space 38400K, 99% used [0x00000007ebd00000,0x00000007ee27fac8,0x00000007ee280000)
  to   space 38400K, 0% used [0x00000007ee280000,0x00000007ee280000,0x00000007f0800000)
 ParOldGen       total 141824K, used 109531K [0x00000007d0800000, 0x00000007d9280000, 0x00000007e5d80000)
  object space 141824K, 77% used [0x00000007d0800000,0x00000007d72f6fe0,0x00000007d9280000)
 Metaspace       used 65322K, capacity 67252K, committed 67544K, reserved 1107968K
  class space    used 8876K, capacity 9382K, committed 9472K, reserved 1048576K
}

